2024-09-15 17:06:05.508 [info] [main] Log level: Info
2024-09-15 17:06:05.508 [info] [main] Validating found git in: "git"
2024-09-15 17:06:05.508 [info] [main] Using git "2.46.0" from "git"
2024-09-15 17:06:05.508 [info] [Model][doInitialScan] Initial repository scan started
2024-09-15 17:06:05.508 [info] > git rev-parse --show-toplevel [3ms]
2024-09-15 17:06:05.508 [info] fatal: not a git repository (or any of the parent directories): .git
2024-09-15 17:06:05.508 [info] > git rev-parse --show-toplevel [1ms]
2024-09-15 17:06:05.508 [info] fatal: not a git repository (or any of the parent directories): .git
2024-09-15 17:06:05.508 [info] > git rev-parse --show-toplevel [1ms]
2024-09-15 17:06:05.508 [info] fatal: not a git repository (or any of the parent directories): .git
2024-09-15 17:06:05.511 [info] > git rev-parse --show-toplevel [1ms]
2024-09-15 17:06:05.511 [info] fatal: not a git repository (or any of the parent directories): .git
2024-09-15 17:06:05.511 [info] [Model][doInitialScan] Initial repository scan completed - repositories (0), closed repositories (0), parent repositories (0), unsafe repositories (0)
2024-09-15 17:06:07.433 [info] > git rev-parse --show-toplevel [1ms]
2024-09-15 17:06:07.433 [info] fatal: not a git repository (or any of the parent directories): .git
2024-09-15 17:06:43.594 [info] > git rev-parse --show-toplevel [1ms]
2024-09-15 17:06:43.594 [info] fatal: not a git repository (or any of the parent directories): .git
2024-09-15 17:06:46.559 [info] > git rev-parse --show-toplevel [2ms]
2024-09-15 17:06:46.559 [info] fatal: not a git repository (or any of the parent directories): .git
2024-09-15 17:06:57.697 [info] > git rev-parse --show-toplevel [1ms]
2024-09-15 17:06:57.697 [info] fatal: not a git repository (or any of the parent directories): .git
